[24-&m-18 11:25][DEBUG]This is a debug-level log record
[24-&m-18 11:25][INFO]This is a info-level log record
[24-&m-18 11:25][WARNING]This is a warning-level log record
[24-&m-18 11:25][ERROR]This is a error-level log record
[24-&m-18 11:25][CRITICAL]This is a critical-level log record
[24-&m-18 11:30][DEBUG]This is a debug-level log record
[24-&m-18 11:30][INFO]This is a info-level log record
[24-&m-18 11:30][WARNING]This is a warning-level log record
[24-&m-18 11:30][ERROR]This is a error-level log record
[24-&m-18 11:30][CRITICAL]This is a critical-level log record
[24-&m-18 11:31][DEBUG]This is a debug-level log record
[24-&m-18 11:31][INFO]This is a info-level log record
[24-&m-18 11:31][WARNING]This is a warning-level log record
[24-&m-18 11:31][ERROR]This is a error-level log record
[24-&m-18 11:31][CRITICAL]This is a critical-level log record
[24-12-19 11:37][INFO]Hello
[24-12-19 11:37][DEBUG]This is a debug-level log record
[24-12-19 11:37][INFO]This is a info-level log record
[24-12-19 11:37][WARNING]This is a warning-level log record
[24-12-19 11:37][ERROR]This is a error-level log record
[24-12-19 11:37][CRITICAL]This is a critical-level log record
[24-12-19 11:43][INFO]Hello
[24-12-19 11:43][DEBUG]This is a debug-level log record
[24-12-19 11:43][INFO]This is a info-level log record
[24-12-19 11:43][WARNING]This is a warning-level log record
[24-12-19 11:43][ERROR]This is a error-level log record
[24-12-19 11:43][CRITICAL]This is a critical-level log record
[24-12-19 11:44][INFO]Hello
[24-12-19 11:44][DEBUG]This is a debug-level log record
[24-12-19 11:44][INFO]This is a info-level log record
[24-12-19 11:44][WARNING]This is a warning-level log record
[24-12-19 11:44][ERROR]This is a error-level log record
[24-12-19 11:44][CRITICAL]This is a critical-level log record
[24-12-19 11:58][INFO]Hello
[24-12-19 11:58][DEBUG]This is a debug-level log record
[24-12-19 11:58][INFO]This is a info-level log record
[24-12-19 11:58][WARNING]This is a warning-level log record
[24-12-19 11:58][ERROR]This is a error-level log record
[24-12-19 11:58][CRITICAL]This is a critical-level log record
[24-12-19 11:58][INFO]Hello
[24-12-19 11:58][DEBUG]This is a debug-level log record
[24-12-19 11:58][INFO]This is a info-level log record
[24-12-19 11:58][WARNING]This is a warning-level log record
[24-12-19 11:58][ERROR]This is a error-level log record
[24-12-19 11:58][CRITICAL]This is a critical-level log record
[24-12-19 11:58][INFO]Hello
[24-12-19 11:58][DEBUG]This is a debug-level log record
[24-12-19 11:58][INFO]This is a info-level log record
[24-12-19 11:58][WARNING]This is a warning-level log record
[24-12-19 11:58][ERROR]This is a error-level log record
[24-12-19 11:58][CRITICAL]This is a critical-level log record
[24-12-19 12:58][INFO]Hello
[24-12-19 12:58][DEBUG]This is a debug-level log record
[24-12-19 12:58][INFO]This is a info-level log record
[24-12-19 12:58][WARNING]This is a warning-level log record
[24-12-19 12:58][ERROR]This is a error-level log record
[24-12-19 12:58][CRITICAL]This is a critical-level log record
[24-12-19 12:59][INFO]Hello
[24-12-19 12:59][DEBUG]This is a debug-level log record
[24-12-19 12:59][INFO]This is a info-level log record
[24-12-19 12:59][WARNING]This is a warning-level log record
[24-12-19 12:59][ERROR]This is a error-level log record
[24-12-19 12:59][CRITICAL]This is a critical-level log record
[24-12-19 12:59][INFO]Hello
[24-12-19 12:59][DEBUG]This is a debug-level log record
[24-12-19 12:59][INFO]This is a info-level log record
[24-12-19 12:59][WARNING]This is a warning-level log record
[24-12-19 12:59][ERROR]This is a error-level log record
[24-12-19 12:59][CRITICAL]This is a critical-level log record
[24-12-19 13:01][INFO]Hello
[24-12-19 13:01][DEBUG]This is a debug-level log record
[24-12-19 13:01][INFO]This is a info-level log record
[24-12-19 13:01][WARNING]This is a warning-level log record
[24-12-19 13:01][ERROR]This is a error-level log record
[24-12-19 13:01][CRITICAL]This is a critical-level log record
[24-12-19 13:01][INFO]Hello
[24-12-19 13:01][DEBUG]This is a debug-level log record
[24-12-19 13:01][INFO]This is a info-level log record
[24-12-19 13:01][WARNING]This is a warning-level log record
[24-12-19 13:01][ERROR]This is a error-level log record
[24-12-19 13:01][CRITICAL]This is a critical-level log record
[24-12-19 13:02][INFO]Hello
[24-12-19 13:02][DEBUG]This is a debug-level log record
[24-12-19 13:02][INFO]This is a info-level log record
[24-12-19 13:02][WARNING]This is a warning-level log record
[24-12-19 13:02][ERROR]This is a error-level log record
[24-12-19 13:02][CRITICAL]This is a critical-level log record
[24-12-19 13:03][INFO]Hello
[24-12-19 13:03][DEBUG]This is a debug-level log record
[24-12-19 13:03][INFO]This is a info-level log record
[24-12-19 13:03][WARNING]This is a warning-level log record
[24-12-19 13:03][ERROR]This is a error-level log record
[24-12-19 13:03][CRITICAL]This is a critical-level log record
[24-12-19 14:36][INFO]Hello
[24-12-19 14:36][DEBUG]This is a debug-level log record
[24-12-19 14:36][INFO]This is a info-level log record
[24-12-19 14:36][WARNING]This is a warning-level log record
[24-12-19 14:36][ERROR]This is a error-level log record
[24-12-19 14:36][CRITICAL]This is a critical-level log record
[24-12-19 14:37][INFO]Hello
[24-12-19 14:37][DEBUG]This is a debug-level log record
[24-12-19 14:37][INFO]This is a info-level log record
[24-12-19 14:37][WARNING]This is a warning-level log record
[24-12-19 14:37][ERROR]This is a error-level log record
[24-12-19 14:37][CRITICAL]This is a critical-level log record
[24-12-19 14:38][INFO]Hello
[24-12-19 14:38][DEBUG]This is a debug-level log record
[24-12-19 14:38][INFO]This is a info-level log record
[24-12-19 14:38][WARNING]This is a warning-level log record
[24-12-19 14:38][ERROR]This is a error-level log record
[24-12-19 14:38][CRITICAL]This is a critical-level log record
[24-12-19 14:40][INFO]Hello
[24-12-19 14:40][DEBUG]This is a debug-level log record
[24-12-19 14:40][INFO]This is a info-level log record
[24-12-19 14:40][WARNING]This is a warning-level log record
[24-12-19 14:40][ERROR]This is a error-level log record
[24-12-19 14:40][CRITICAL]This is a critical-level log record
[24-12-19 14:43][INFO]Hello
[24-12-19 14:43][DEBUG]This is a debug-level log record
[24-12-19 14:43][INFO]This is a info-level log record
[24-12-19 14:43][WARNING]This is a warning-level log record
[24-12-19 14:43][ERROR]This is a error-level log record
[24-12-19 14:43][CRITICAL]This is a critical-level log record
[24-12-19 14:47][INFO]Hello
[24-12-19 14:47][DEBUG]This is a debug-level log record
[24-12-19 14:47][INFO]This is a info-level log record
[24-12-19 14:47][WARNING]This is a warning-level log record
[24-12-19 14:47][ERROR]This is a error-level log record
[24-12-19 14:47][CRITICAL]This is a critical-level log record
[24-12-19 14:47][CRITICAL]Unknown datetime string format, unable to parse: Ticker, at position 0
[24-12-19 14:48][INFO]Hello
[24-12-19 14:48][DEBUG]This is a debug-level log record
[24-12-19 14:48][INFO]This is a info-level log record
[24-12-19 14:48][WARNING]This is a warning-level log record
[24-12-19 14:48][ERROR]This is a error-level log record
[24-12-19 14:48][CRITICAL]This is a critical-level log record
[24-12-19 14:48][CRITICAL]Unknown datetime string format, unable to parse: Ticker, at position 0
[24-12-19 15:01][INFO]Hello
[24-12-19 15:01][DEBUG]This is a debug-level log record
[24-12-19 15:01][INFO]This is a info-level log record
[24-12-19 15:01][WARNING]This is a warning-level log record
[24-12-19 15:01][ERROR]This is a error-level log record
[24-12-19 15:01][CRITICAL]This is a critical-level log record
[24-12-19 15:01][CRITICAL]Unknown datetime string format, unable to parse: Ticker, at position 0
[24-12-19 15:01][INFO]Hello
[24-12-19 15:01][DEBUG]This is a debug-level log record
[24-12-19 15:01][INFO]This is a info-level log record
[24-12-19 15:01][WARNING]This is a warning-level log record
[24-12-19 15:01][ERROR]This is a error-level log record
[24-12-19 15:01][CRITICAL]This is a critical-level log record
[24-12-19 15:06][INFO]Hello
[24-12-19 15:06][DEBUG]This is a debug-level log record
[24-12-19 15:06][INFO]This is a info-level log record
[24-12-19 15:06][WARNING]This is a warning-level log record
[24-12-19 15:06][ERROR]This is a error-level log record
[24-12-19 15:06][CRITICAL]This is a critical-level log record
[24-12-19 15:13][INFO]Hello
[24-12-19 15:13][DEBUG]This is a debug-level log record
[24-12-19 15:13][INFO]This is a info-level log record
[24-12-19 15:13][WARNING]This is a warning-level log record
[24-12-19 15:13][ERROR]This is a error-level log record
[24-12-19 15:13][CRITICAL]This is a critical-level log record
[24-12-19 15:13][INFO]Hello
[24-12-19 15:13][DEBUG]This is a debug-level log record
[24-12-19 15:13][INFO]This is a info-level log record
[24-12-19 15:13][WARNING]This is a warning-level log record
[24-12-19 15:13][ERROR]This is a error-level log record
[24-12-19 15:13][CRITICAL]This is a critical-level log record
